Arguments: 
  C:\Program Files\nodejs\node.exe C:\Users\diego jimenes\AppData\Roaming\npm\node_modules\yarn\bin\yarn.js add URL-parse

PATH: 
  C:\Program Files (x86)\Common Files\Oracle\Java\javapath;C:\Program Files (x86)\Common Files\Intel\Shared Files\cpp\bin\Intel64;C:\WINDOWS\system32;C:\WINDOWS;C:\WINDOWS\System32\Wbem;C:\WINDOWS\System32\WindowsPowerShell\v1.0\;C:\Program Files\nodejs\;C:\Program Files\Git\cmd;C:\WINDOWS\System32\OpenSSH\;C:\Users\diego jimenes\AppData\Roaming\npm;C:\Users\diego jimenes\AppData\Local\Programs\Microsoft VS Code\bin;C:\Users\diego jimenes\AppData\Local\Android\Sdk\platform-tools;C:\Users\diego jimenes\AppData;C:\Program Files\Java\jdk1.8.0_181\bin;C:\Program Files\heroku\bin

Yarn version: 
  1.9.4

Node version: 
  8.11.3

Platform: 
  win32 x64

Trace: 
  Error: https://registry.yarnpkg.com/URL-parse: Not found
      at Request.params.callback [as _callback] (C:\Users\diego jimenes\AppData\Roaming\npm\node_modules\yarn\lib\cli.js:64202:18)
      at Request.self.callback (C:\Users\diego jimenes\AppData\Roaming\npm\node_modules\yarn\lib\cli.js:137468:22)
      at emitTwo (events.js:126:13)
      at Request.emit (events.js:214:7)
      at Request.<anonymous> (C:\Users\diego jimenes\AppData\Roaming\npm\node_modules\yarn\lib\cli.js:138440:10)
      at emitOne (events.js:116:13)
      at Request.emit (events.js:211:7)
      at IncomingMessage.<anonymous> (C:\Users\diego jimenes\AppData\Roaming\npm\node_modules\yarn\lib\cli.js:138362:12)
      at Object.onceWrapper (events.js:313:30)
      at emitNone (events.js:111:20)

npm manifest: 
  {
    "name": "adonis-api-app",
    "version": "4.1.0",
    "adonis-version": "4.1.0",
    "description": "Adonisjs boilerplate for API server with pre-configured JWT",
    "main": "index.js",
    "scripts": {
      "start": "node server.js",
      "test": "node ace test"
    },
    "keywords": [
      "adonisjs",
      "adonis-app"
    ],
    "author": "",
    "license": "UNLICENSED",
    "private": true,
    "dependencies": {
      "@adonisjs/ace": "^5.0.8",
      "@adonisjs/auth": "^3.0.7",
      "@adonisjs/bodyparser": "^2.0.5",
      "@adonisjs/cors": "^1.0.7",
      "@adonisjs/fold": "^4.0.9",
      "@adonisjs/framework": "^5.0.9",
      "@adonisjs/ignitor": "^2.0.8",
      "@adonisjs/lucid": "^6.1.3",
      "pg": "^7.8.0"
    },
    "devDependencies": {},
    "autoload": {
      "App": "./app"
    }
  }

yarn manifest: 
  No manifest

Lockfile: 
  No lockfile
